This is pdfTeX, Version 3.141592653-2.6-1.40.23 (MiKTeX 21.8) (preloaded format=pdflatex 2021.9.1)  15 SEP 2021 15:08
entering extended mode
**./Data-Analysis-with-Linear-Regression.tex
(Data-Analysis-with-Linear-Regression.tex
LaTeX2e <2021-06-01> patch level 1
L3 programming layer <2021-07-12> (C:\Users\frencjos\AppData\Local\Programs\MiK
TeX\tex/latex/base\book.cls
Document Class: book 2021/02/12 v1.4n Standard LaTeX document class
(C:\Users\frencjos\AppData\Local\Programs\MiKTeX\tex/latex/base\bk10.clo
File: bk10.clo 2021/02/12 v1.4n Standard LaTeX file (size option)
)
\c@part=\count182
\c@chapter=\count183
\c@section=\count184
\c@subsection=\count185
\c@subsubsection=\count186
\c@paragraph=\count187
\c@subparagraph=\count188
\c@figure=\count189
\c@table=\count190
\abovecaptionskip=\skip47
\belowcaptionskip=\skip48
\bibindent=\dimen138
) (C:\Users\frencjos\AppData\Local\Programs\MiKTeX\tex/latex/amsmath\amsmath.st
y
Package: amsmath 2021/04/20 v2.17j AMS math features
\@mathmargin=\skip49
For additional information on amsmath, use the `?' option.
(C:\Users\frencjos\AppData\Local\Programs\MiKTeX\tex/latex/amsmath\amstext.sty
Package: amstext 2000/06/29 v2.01 AMS text
(C:\Users\frencjos\AppData\Local\Programs\MiKTeX\tex/latex/amsmath\amsgen.sty
File: amsgen.sty 1999/11/30 v2.0 generic functions
\@emptytoks=\toks16
\ex@=\dimen139
)) (C:\Users\frencjos\AppData\Local\Programs\MiKTeX\tex/latex/amsmath\amsbsy.st
y
Package: amsbsy 1999/11/29 v1.2d Bold Symbols
\pmbraise@=\dimen140
) (C:\Users\frencjos\AppData\Local\Programs\MiKTeX\tex/latex/amsmath\amsopn.sty
Package: amsopn 2016/03/08 v2.02 operator names
)
\inf@bad=\count191
LaTeX Info: Redefining \frac on input line 234.
\uproot@=\count192
\leftroot@=\count193
LaTeX Info: Redefining \overline on input line 399.
\classnum@=\count194
\DOTSCASE@=\count195
LaTeX Info: Redefining \ldots on input line 496.
LaTeX Info: Redefining \dots on input line 499.
LaTeX Info: Redefining \cdots on input line 620.
\Mathstrutbox@=\box50
\strutbox@=\box51
\big@size=\dimen141
LaTeX Font Info:    Redeclaring font encoding OML on input line 743.
LaTeX Font Info:    Redeclaring font encoding OMS on input line 744.
\macc@depth=\count196
\c@MaxMatrixCols=\count197
\dotsspace@=\muskip16
\c@parentequation=\count198
\dspbrk@lvl=\count199
\tag@help=\toks17
\row@=\count266
\column@=\count267
\maxfields@=\count268
\andhelp@=\toks18
\eqnshift@=\dimen142
\alignsep@=\dimen143
\tagshift@=\dimen144
\tagwidth@=\dimen145
\totwidth@=\dimen146
\lineht@=\dimen147
\@envbody=\toks19
\multlinegap=\skip50
\multlinetaggap=\skip51
\mathdisplay@stack=\toks20
LaTeX Info: Redefining \[ on input line 2923.
LaTeX Info: Redefining \] on input line 2924.
)
(C:\Users\frencjos\AppData\Local\Programs\MiKTeX\tex/latex/amsfonts\amssymb.sty
Package: amssymb 2013/01/14 v3.01 AMS font symbols

(C:\Users\frencjos\AppData\Local\Programs\MiKTeX\tex/latex/amsfonts\amsfonts.st
y
Package: amsfonts 2013/01/14 v3.01 Basic AMSFonts support
\symAMSa=\mathgroup4
\symAMSb=\mathgroup5
LaTeX Font Info:    Redeclaring math symbol \hbar on input line 98.
LaTeX Font Info:    Overwriting math alphabet `\mathfrak' in version `bold'
(Font)                  U/euf/m/n --> U/euf/b/n on input line 106.
)) (C:\Users\frencjos\AppData\Local\Programs\MiKTeX\tex/latex/lm\lmodern.sty
Package: lmodern 2009/10/30 v1.6 Latin Modern Fonts
LaTeX Font Info:    Overwriting symbol font `operators' in version `normal'
(Font)                  OT1/cmr/m/n --> OT1/lmr/m/n on input line 22.
LaTeX Font Info:    Overwriting symbol font `letters' in version `normal'
(Font)                  OML/cmm/m/it --> OML/lmm/m/it on input line 23.
LaTeX Font Info:    Overwriting symbol font `symbols' in version `normal'
(Font)                  OMS/cmsy/m/n --> OMS/lmsy/m/n on input line 24.
LaTeX Font Info:    Overwriting symbol font `largesymbols' in version `normal'
(Font)                  OMX/cmex/m/n --> OMX/lmex/m/n on input line 25.
LaTeX Font Info:    Overwriting symbol font `operators' in version `bold'
(Font)                  OT1/cmr/bx/n --> OT1/lmr/bx/n on input line 26.
LaTeX Font Info:    Overwriting symbol font `letters' in version `bold'
(Font)                  OML/cmm/b/it --> OML/lmm/b/it on input line 27.
LaTeX Font Info:    Overwriting symbol font `symbols' in version `bold'
(Font)                  OMS/cmsy/b/n --> OMS/lmsy/b/n on input line 28.
LaTeX Font Info:    Overwriting symbol font `largesymbols' in version `bold'
(Font)                  OMX/cmex/m/n --> OMX/lmex/m/n on input line 29.
LaTeX Font Info:    Overwriting math alphabet `\mathbf' in version `normal'
(Font)                  OT1/cmr/bx/n --> OT1/lmr/bx/n on input line 31.
LaTeX Font Info:    Overwriting math alphabet `\mathsf' in version `normal'
(Font)                  OT1/cmss/m/n --> OT1/lmss/m/n on input line 32.
LaTeX Font Info:    Overwriting math alphabet `\mathit' in version `normal'
(Font)                  OT1/cmr/m/it --> OT1/lmr/m/it on input line 33.
LaTeX Font Info:    Overwriting math alphabet `\mathtt' in version `normal'
(Font)                  OT1/cmtt/m/n --> OT1/lmtt/m/n on input line 34.
LaTeX Font Info:    Overwriting math alphabet `\mathbf' in version `bold'
(Font)                  OT1/cmr/bx/n --> OT1/lmr/bx/n on input line 35.
LaTeX Font Info:    Overwriting math alphabet `\mathsf' in version `bold'
(Font)                  OT1/cmss/bx/n --> OT1/lmss/bx/n on input line 36.
LaTeX Font Info:    Overwriting math alphabet `\mathit' in version `bold'
(Font)                  OT1/cmr/bx/it --> OT1/lmr/bx/it on input line 37.
LaTeX Font Info:    Overwriting math alphabet `\mathtt' in version `bold'
(Font)                  OT1/cmtt/m/n --> OT1/lmtt/m/n on input line 38.
) (C:\Users\frencjos\AppData\Local\Programs\MiKTeX\tex/generic/iftex\ifxetex.st
y
Package: ifxetex 2019/10/25 v0.7 ifxetex legacy package. Use iftex instead.
(C:\Users\frencjos\AppData\Local\Programs\MiKTeX\tex/generic/iftex\iftex.sty
Package: iftex 2020/03/06 v1.0d TeX engine tests
))
(C:\Users\frencjos\AppData\Local\Programs\MiKTeX\tex/generic/iftex\ifluatex.sty
Package: ifluatex 2019/10/25 v1.5 ifluatex legacy package. Use iftex instead.
) (C:\Users\frencjos\AppData\Local\Programs\MiKTeX\tex/latex/base\fontenc.sty
Package: fontenc 2021/04/29 v2.0v Standard LaTeX package
LaTeX Font Info:    Trying to load font information for T1+lmr on input line 11
2.
(C:\Users\frencjos\AppData\Local\Programs\MiKTeX\tex/latex/lm\t1lmr.fd
File: t1lmr.fd 2009/10/30 v1.6 Font defs for Latin Modern
)) (C:\Users\frencjos\AppData\Local\Programs\MiKTeX\tex/latex/base\inputenc.sty
Package: inputenc 2021/02/14 v1.3d Input encoding file
\inpenc@prehook=\toks21
\inpenc@posthook=\toks22
) (C:\Users\frencjos\AppData\Local\Programs\MiKTeX\tex/latex/base\textcomp.sty
Package: textcomp 2020/02/02 v2.0n Standard LaTeX package
) (C:\Users\frencjos\AppData\Local\Programs\MiKTeX\tex/latex/upquote\upquote.st
y
Package: upquote 2012/04/19 v1.3 upright-quote and grave-accent glyphs in verba
tim
)
(C:\Users\frencjos\AppData\Local\Programs\MiKTeX\tex/latex/microtype\microtype.
sty
Package: microtype 2021/03/14 v2.8c Micro-typographical refinements (RS)
(C:\Users\frencjos\AppData\Local\Programs\MiKTeX\tex/latex/graphics\keyval.sty
Package: keyval 2014/10/28 v1.15 key=value parser (DPC)
\KV@toks@=\toks23
)
\MT@toks=\toks24
\MT@count=\count269
LaTeX Info: Redefining \textls on input line 790.
\MT@outer@kern=\dimen148
LaTeX Info: Redefining \textmicrotypecontext on input line 1374.
\MT@listname@count=\count270

(C:\Users\frencjos\AppData\Local\Programs\MiKTeX\tex/latex/microtype\microtype-
pdftex.def
File: microtype-pdftex.def 2021/03/14 v2.8c Definitions specific to pdftex (RS)

LaTeX Info: Redefining \lsstyle on input line 915.
LaTeX Info: Redefining \lslig on input line 915.
\MT@outer@space=\skip52
)
Package microtype Info: Loading configuration file microtype.cfg.

(C:\Users\frencjos\AppData\Local\Programs\MiKTeX\tex/latex/microtype\microtype.
cfg
File: microtype.cfg 2021/03/14 v2.8c microtype main configuration file (RS)
)) (C:\Users\frencjos\AppData\Local\Programs\MiKTeX\tex/latex/parskip\parskip.s
ty
Package: parskip 2021-03-14 v2.0h non-zero parskip adjustments

(C:\Users\frencjos\AppData\Local\Programs\MiKTeX\tex/latex/kvoptions\kvoptions.
sty
Package: kvoptions 2020-10-07 v3.14 Key value format for package options (HO)

(C:\Users\frencjos\AppData\Local\Programs\MiKTeX\tex/generic/ltxcmds\ltxcmds.st
y
Package: ltxcmds 2020-05-10 v1.25 LaTeX kernel commands for general use (HO)
)
(C:\Users\frencjos\AppData\Local\Programs\MiKTeX\tex/generic/kvsetkeys\kvsetkey
s.sty
Package: kvsetkeys 2019/12/15 v1.18 Key value parser (HO)
))
(C:\Users\frencjos\AppData\Local\Programs\MiKTeX\tex/latex/etoolbox\etoolbox.st
y
Package: etoolbox 2020/10/05 v2.5k e-TeX tools for LaTeX (JAW)
\etb@tempcnta=\count271
)) (C:\Users\frencjos\AppData\Local\Programs\MiKTeX\tex/latex/xcolor\xcolor.sty
Package: xcolor 2016/05/11 v2.12 LaTeX color extensions (UK)

(C:\Users\frencjos\AppData\Local\Programs\MiKTeX\tex/latex/graphics-cfg\color.c
fg
File: color.cfg 2016/01/02 v1.6 sample color configuration
)
Package xcolor Info: Driver file: pdftex.def on input line 225.

(C:\Users\frencjos\AppData\Local\Programs\MiKTeX\tex/latex/graphics-def\pdftex.
def
File: pdftex.def 2020/10/05 v1.2a Graphics/color driver for pdftex
)
Package xcolor Info: Model `cmy' substituted by `cmy0' on input line 1348.
Package xcolor Info: Model `hsb' substituted by `rgb' on input line 1352.
Package xcolor Info: Model `RGB' extended on input line 1364.
Package xcolor Info: Model `HTML' substituted by `rgb' on input line 1366.
Package xcolor Info: Model `Hsb' substituted by `hsb' on input line 1367.
Package xcolor Info: Model `tHsb' substituted by `hsb' on input line 1368.
Package xcolor Info: Model `HSB' substituted by `hsb' on input line 1369.
Package xcolor Info: Model `Gray' substituted by `gray' on input line 1370.
Package xcolor Info: Model `wave' substituted by `hsb' on input line 1371.
) (C:\Users\frencjos\AppData\Local\Programs\MiKTeX\tex/latex/xurl\xurl.sty
Package: xurl 2020/12/30 v 0.09a modify URL breaks
(C:\Users\frencjos\AppData\Local\Programs\MiKTeX\tex/latex/url\url.sty
\Urlmuskip=\muskip17
Package: url 2013/09/16  ver 3.4  Verb mode for urls, etc.
))
(C:\Users\frencjos\AppData\Local\Programs\MiKTeX\tex/latex/bookmark\bookmark.st
y
Package: bookmark 2020-11-06 v1.29 PDF bookmarks (HO)

(C:\Users\frencjos\AppData\Local\Programs\MiKTeX\tex/latex/hyperref\hyperref.st
y
Package: hyperref 2021-06-07 v7.00m Hypertext links for LaTeX

(C:\Users\frencjos\AppData\Local\Programs\MiKTeX\tex/generic/pdftexcmds\pdftexc
mds.sty
Package: pdftexcmds 2020-06-27 v0.33 Utility functions of pdfTeX for LuaTeX (HO
)

(C:\Users\frencjos\AppData\Local\Programs\MiKTeX\tex/generic/infwarerr\infwarer
r.sty
Package: infwarerr 2019/12/03 v1.5 Providing info/warning/error messages (HO)
)
Package pdftexcmds Info: \pdf@primitive is available.
Package pdftexcmds Info: \pdf@ifprimitive is available.
Package pdftexcmds Info: \pdfdraftmode found.
)
(C:\Users\frencjos\AppData\Local\Programs\MiKTeX\tex/generic/kvdefinekeys\kvdef
inekeys.sty
Package: kvdefinekeys 2019-12-19 v1.6 Define keys (HO)
)
(C:\Users\frencjos\AppData\Local\Programs\MiKTeX\tex/generic/pdfescape\pdfescap
e.sty
Package: pdfescape 2019/12/09 v1.15 Implements pdfTeX's escape features (HO)
) (C:\Users\frencjos\AppData\Local\Programs\MiKTeX\tex/latex/hycolor\hycolor.st
y
Package: hycolor 2020-01-27 v1.10 Color options for hyperref/bookmark (HO)
)
(C:\Users\frencjos\AppData\Local\Programs\MiKTeX\tex/latex/letltxmacro\letltxma
cro.sty
Package: letltxmacro 2019/12/03 v1.6 Let assignment for LaTeX macros (HO)
) (C:\Users\frencjos\AppData\Local\Programs\MiKTeX\tex/latex/auxhook\auxhook.st
y
Package: auxhook 2019-12-17 v1.6 Hooks for auxiliary files (HO)
)
\@linkdim=\dimen149
\Hy@linkcounter=\count272
\Hy@pagecounter=\count273
(C:\Users\frencjos\AppData\Local\Programs\MiKTeX\tex/latex/hyperref\pd1enc.def
File: pd1enc.def 2021-06-07 v7.00m Hyperref: PDFDocEncoding definition (HO)
Now handling font encoding PD1 ...
... no UTF-8 mapping file for font encoding PD1
)
(C:\Users\frencjos\AppData\Local\Programs\MiKTeX\tex/latex/hyperref\hyperref-la
ngpatches.def
File: hyperref-langpatches.def 2021-06-07 v7.00m Hyperref: patches for babel la
nguages
)
(C:\Users\frencjos\AppData\Local\Programs\MiKTeX\tex/generic/intcalc\intcalc.st
y
Package: intcalc 2019/12/15 v1.3 Expandable calculations with integers (HO)
)
(C:\Users\frencjos\AppData\Local\Programs\MiKTeX\tex/generic/etexcmds\etexcmds.
sty
Package: etexcmds 2019/12/15 v1.7 Avoid name clashes with e-TeX commands (HO)
)
\Hy@SavedSpaceFactor=\count274
(C:\Users\frencjos\AppData\Local\Programs\MiKTeX\tex/latex/hyperref\puenc.def
File: puenc.def 2021-06-07 v7.00m Hyperref: PDF Unicode definition (HO)
Now handling font encoding PU ...
... no UTF-8 mapping file for font encoding PU
)
Package hyperref Info: Option `unicode' set `true' on input line 4073.
Package hyperref Info: Hyper figures OFF on input line 4192.
Package hyperref Info: Link nesting OFF on input line 4197.
Package hyperref Info: Hyper index ON on input line 4200.
Package hyperref Info: Plain pages OFF on input line 4207.
Package hyperref Info: Backreferencing OFF on input line 4212.
Package hyperref Info: Implicit mode ON; LaTeX internals redefined.
Package hyperref Info: Bookmarks ON on input line 4445.
\c@Hy@tempcnt=\count275
LaTeX Info: Redefining \url on input line 4804.
\XeTeXLinkMargin=\dimen150
(C:\Users\frencjos\AppData\Local\Programs\MiKTeX\tex/generic/bitset\bitset.sty
Package: bitset 2019/12/09 v1.3 Handle bit-vector datatype (HO)

(C:\Users\frencjos\AppData\Local\Programs\MiKTeX\tex/generic/bigintcalc\bigintc
alc.sty
Package: bigintcalc 2019/12/15 v1.5 Expandable calculations on big integers (HO
)
))
\Fld@menulength=\count276
\Field@Width=\dimen151
\Fld@charsize=\dimen152
Package hyperref Info: Hyper figures OFF on input line 6076.
Package hyperref Info: Link nesting OFF on input line 6081.
Package hyperref Info: Hyper index ON on input line 6084.
Package hyperref Info: backreferencing OFF on input line 6091.
Package hyperref Info: Link coloring OFF on input line 6096.
Package hyperref Info: Link coloring with OCG OFF on input line 6101.
Package hyperref Info: PDF/A mode OFF on input line 6106.
LaTeX Info: Redefining \ref on input line 6146.
LaTeX Info: Redefining \pageref on input line 6150.

(C:\Users\frencjos\AppData\Local\Programs\MiKTeX\tex/latex/base\atbegshi-ltx.st
y
Package: atbegshi-ltx 2021/01/10 v1.0c Emulation of the original atbegshi
package with kernel methods
)
\Hy@abspage=\count277
\c@Item=\count278
\c@Hfootnote=\count279
)
Package hyperref Info: Driver (autodetected): hpdftex.

(C:\Users\frencjos\AppData\Local\Programs\MiKTeX\tex/latex/hyperref\hpdftex.def
File: hpdftex.def 2021-06-07 v7.00m Hyperref driver for pdfTeX

(C:\Users\frencjos\AppData\Local\Programs\MiKTeX\tex/latex/base\atveryend-ltx.s
ty
Package: atveryend-ltx 2020/08/19 v1.0a Emulation of the original atvery packag
e
with kernel methods
)
\Fld@listcount=\count280
\c@bookmark@seq@number=\count281

(C:\Users\frencjos\AppData\Local\Programs\MiKTeX\tex/latex/rerunfilecheck\rerun
filecheck.sty
Package: rerunfilecheck 2019/12/05 v1.9 Rerun checks for auxiliary files (HO)

(C:\Users\frencjos\AppData\Local\Programs\MiKTeX\tex/generic/uniquecounter\uniq
uecounter.sty
Package: uniquecounter 2019/12/15 v1.4 Provide unlimited unique counter (HO)
)
Package uniquecounter Info: New unique counter `rerunfilecheck' on input line 2
86.
)
\Hy@SectionHShift=\skip53
)
(C:\Users\frencjos\AppData\Local\Programs\MiKTeX\tex/latex/bookmark\bkm-pdftex.
def
File: bkm-pdftex.def 2020-11-06 v1.29 bookmark driver for pdfTeX (HO)
\BKM@id=\count282
))
(C:\Users\frencjos\AppData\Local\Programs\MiKTeX\tex/latex/fancyvrb\fancyvrb.st
y
Package: fancyvrb 2021/08/12 v3.8 verbatim text (tvz,hv)
\FV@CodeLineNo=\count283
\FV@InFile=\read2
\FV@TabBox=\box52
\c@FancyVerbLine=\count284
\FV@StepNumber=\count285
\FV@OutFile=\write3
) (C:\Users\frencjos\AppData\Local\Programs\MiKTeX\tex/latex/framed\framed.sty
Package: framed 2011/10/22 v 0.96: framed or shaded text with page breaks
\OuterFrameSep=\skip54
\fb@frw=\dimen153
\fb@frh=\dimen154
\FrameRule=\dimen155
\FrameSep=\dimen156
) (C:\Users\frencjos\AppData\Local\Programs\MiKTeX\tex/latex/tools\longtable.st
y
Package: longtable 2021-05-07 v4.16 Multi-page Table package (DPC)
\LTleft=\skip55
\LTright=\skip56
\LTpre=\skip57
\LTpost=\skip58
\LTchunksize=\count286
\LTcapwidth=\dimen157
\LT@head=\box53
\LT@firsthead=\box54
\LT@foot=\box55
\LT@lastfoot=\box56
\LT@gbox=\box57
\LT@cols=\count287
\LT@rows=\count288
\c@LT@tables=\count289
\c@LT@chunks=\count290
\LT@p@ftn=\toks25
)
(C:\Users\frencjos\AppData\Local\Programs\MiKTeX\tex/latex/booktabs\booktabs.st
y
Package: booktabs 2020/01/12 v1.61803398 Publication quality tables
\heavyrulewidth=\dimen158
\lightrulewidth=\dimen159
\cmidrulewidth=\dimen160
\belowrulesep=\dimen161
\belowbottomsep=\dimen162
\aboverulesep=\dimen163
\abovetopsep=\dimen164
\cmidrulesep=\dimen165
\cmidrulekern=\dimen166
\defaultaddspace=\dimen167
\@cmidla=\count291
\@cmidlb=\count292
\@aboverulesep=\dimen168
\@belowrulesep=\dimen169
\@thisruleclass=\count293
\@lastruleclass=\count294
\@thisrulewidth=\dimen170
) (C:\Users\frencjos\AppData\Local\Programs\MiKTeX\tex/latex/tools\array.sty
Package: array 2021/04/20 v2.5e Tabular extension package (FMi)
\col@sep=\dimen171
\ar@mcellbox=\box58
\extrarowheight=\dimen172
\NC@list=\toks26
\extratabsurround=\skip59
\backup@length=\skip60
\ar@cellbox=\box59
) (C:\Users\frencjos\AppData\Local\Programs\MiKTeX\tex/latex/tools\calc.sty
Package: calc 2017/05/25 v4.3 Infix arithmetic (KKT,FJ)
\calc@Acount=\count295
\calc@Bcount=\count296
\calc@Adimen=\dimen173
\calc@Bdimen=\dimen174
\calc@Askip=\skip61
\calc@Bskip=\skip62
LaTeX Info: Redefining \setlength on input line 80.
LaTeX Info: Redefining \addtolength on input line 81.
\calc@Ccount=\count297
\calc@Cskip=\skip63
)
(C:\Users\frencjos\AppData\Local\Programs\MiKTeX\tex/latex/footnotehyper\footno
tehyper.sty
Package: footnotehyper 2021/08/13 v1.1e hyperref aware footnote.sty (JFB)
\FNH@notes=\box60
\FNH@width=\dimen175
\FNH@toks=\toks27
)
(C:\Users\frencjos\AppData\Local\Programs\MiKTeX\tex/latex/graphics\graphicx.st
y
Package: graphicx 2020/12/05 v1.2c Enhanced LaTeX Graphics (DPC,SPQR)

(C:\Users\frencjos\AppData\Local\Programs\MiKTeX\tex/latex/graphics\graphics.st
y
Package: graphics 2021/03/04 v1.4d Standard LaTeX Graphics (DPC,SPQR)
(C:\Users\frencjos\AppData\Local\Programs\MiKTeX\tex/latex/graphics\trig.sty
Package: trig 2016/01/03 v1.10 sin cos tan (DPC)
)
(C:\Users\frencjos\AppData\Local\Programs\MiKTeX\tex/latex/graphics-cfg\graphic
s.cfg
File: graphics.cfg 2016/06/04 v1.11 sample graphics configuration
)
Package graphics Info: Driver file: pdftex.def on input line 107.
)
\Gin@req@height=\dimen176
\Gin@req@width=\dimen177
)
\cslhangindent=\skip64
\csllabelwidth=\skip65

(C:\Users\frencjos\AppData\Local\Programs\MiKTeX\tex/latex/l3backend\l3backend-
pdftex.def
File: l3backend-pdftex.def 2021-08-04 L3 backend support: PDF output (pdfTeX)
\l__color_backend_stack_int=\count298
\l__pdf_internal_box=\box61
) (Data-Analysis-with-Linear-Regression.aux)
\openout1 = `Data-Analysis-with-Linear-Regression.aux'.

LaTeX Font Info:    Checking defaults for OML/cmm/m/it on input line 139.
LaTeX Font Info:    ... okay on input line 139.
LaTeX Font Info:    Checking defaults for OMS/cmsy/m/n on input line 139.
LaTeX Font Info:    ... okay on input line 139.
LaTeX Font Info:    Checking defaults for OT1/cmr/m/n on input line 139.
LaTeX Font Info:    ... okay on input line 139.
LaTeX Font Info:    Checking defaults for T1/cmr/m/n on input line 139.
LaTeX Font Info:    ... okay on input line 139.
LaTeX Font Info:    Checking defaults for TS1/cmr/m/n on input line 139.
LaTeX Font Info:    ... okay on input line 139.
LaTeX Font Info:    Checking defaults for OMX/cmex/m/n on input line 139.
LaTeX Font Info:    ... okay on input line 139.
LaTeX Font Info:    Checking defaults for U/cmr/m/n on input line 139.
LaTeX Font Info:    ... okay on input line 139.
LaTeX Font Info:    Checking defaults for PD1/pdf/m/n on input line 139.
LaTeX Font Info:    ... okay on input line 139.
LaTeX Font Info:    Checking defaults for PU/pdf/m/n on input line 139.
LaTeX Font Info:    ... okay on input line 139.
LaTeX Info: Redefining \microtypecontext on input line 139.
Package microtype Info: Generating PDF output.
Package microtype Info: Character protrusion enabled (level 2).
Package microtype Info: Using protrusion set `basicmath'.
Package microtype Info: Automatic font expansion enabled (level 2),
(microtype)             stretch: 20, shrink: 20, step: 1, non-selected.
Package microtype Info: Using default expansion set `alltext-nott'.
LaTeX Info: Redefining \showhyphens on input line 139.
Package microtype Info: No adjustment of tracking.
Package microtype Info: No adjustment of interword spacing.
Package microtype Info: No adjustment of character kerning.

(C:\Users\frencjos\AppData\Local\Programs\MiKTeX\tex/latex/microtype\mt-cmr.cfg
File: mt-cmr.cfg 2013/05/19 v2.2 microtype config. file: Computer Modern Roman 
(RS)
)
(C:\Users\frencjos\AppData\Local\Programs\MiKTeX\tex/context/base/mkii\supp-pdf
.mkii
[Loading MPS to PDF converter (version 2006.09.02).]
\scratchcounter=\count299
\scratchdimen=\dimen178
\scratchbox=\box62
\nofMPsegments=\count300
\nofMParguments=\count301
\everyMPshowfont=\toks28
\MPscratchCnt=\count302
\MPscratchDim=\dimen179
\MPnumerator=\count303
\makeMPintoPDFobject=\count304
\everyMPtoPDFconversion=\toks29
)
(C:\Users\frencjos\AppData\Local\Programs\MiKTeX\tex/latex/epstopdf-pkg\epstopd
f-base.sty
Package: epstopdf-base 2020-01-24 v2.11 Base part for package epstopdf
Package epstopdf-base Info: Redefining graphics rule for `.eps' on input line 4
85.

(C:\Users\frencjos\AppData\Local\Programs\MiKTeX\tex/latex/00miktex\epstopdf-sy
s.cfg
File: epstopdf-sys.cfg 2021/03/18 v2.0 Configuration of epstopdf for MiKTeX
))
Package hyperref Info: Link coloring OFF on input line 139.

(C:\Users\frencjos\AppData\Local\Programs\MiKTeX\tex/latex/hyperref\nameref.sty
Package: nameref 2021-04-02 v2.47 Cross-referencing by name of section

(C:\Users\frencjos\AppData\Local\Programs\MiKTeX\tex/latex/refcount\refcount.st
y
Package: refcount 2019/12/15 v3.6 Data extraction from label references (HO)
)
(C:\Users\frencjos\AppData\Local\Programs\MiKTeX\tex/generic/gettitlestring\get
titlestring.sty
Package: gettitlestring 2019/12/15 v1.6 Cleanup title references (HO)
)
\c@section@level=\count305
)
LaTeX Info: Redefining \ref on input line 139.
LaTeX Info: Redefining \pageref on input line 139.
LaTeX Info: Redefining \nameref on input line 139.
LaTeX Font Info:    Trying to load font information for OT1+lmr on input line 1
41.
(C:\Users\frencjos\AppData\Local\Programs\MiKTeX\tex/latex/lm\ot1lmr.fd
File: ot1lmr.fd 2009/10/30 v1.6 Font defs for Latin Modern
)
LaTeX Font Info:    Trying to load font information for OML+lmm on input line 1
41.
(C:\Users\frencjos\AppData\Local\Programs\MiKTeX\tex/latex/lm\omllmm.fd
File: omllmm.fd 2009/10/30 v1.6 Font defs for Latin Modern
)
LaTeX Font Info:    Trying to load font information for OMS+lmsy on input line 
141.
(C:\Users\frencjos\AppData\Local\Programs\MiKTeX\tex/latex/lm\omslmsy.fd
File: omslmsy.fd 2009/10/30 v1.6 Font defs for Latin Modern
)
LaTeX Font Info:    Trying to load font information for OMX+lmex on input line 
141.
(C:\Users\frencjos\AppData\Local\Programs\MiKTeX\tex/latex/lm\omxlmex.fd
File: omxlmex.fd 2009/10/30 v1.6 Font defs for Latin Modern
)
LaTeX Font Info:    External font `lmex10' loaded for size
(Font)              <12> on input line 141.
LaTeX Font Info:    External font `lmex10' loaded for size
(Font)              <8> on input line 141.
LaTeX Font Info:    External font `lmex10' loaded for size
(Font)              <6> on input line 141.
LaTeX Font Info:    Trying to load font information for U+msa on input line 141
.
(C:\Users\frencjos\AppData\Local\Programs\MiKTeX\tex/latex/amsfonts\umsa.fd
File: umsa.fd 2013/01/14 v3.01 AMS symbols A
)
(C:\Users\frencjos\AppData\Local\Programs\MiKTeX\tex/latex/microtype\mt-msa.cfg
File: mt-msa.cfg 2006/02/04 v1.1 microtype config. file: AMS symbols (a) (RS)
)
LaTeX Font Info:    Trying to load font information for U+msb on input line 141
.
(C:\Users\frencjos\AppData\Local\Programs\MiKTeX\tex/latex/amsfonts\umsb.fd
File: umsb.fd 2013/01/14 v3.01 AMS symbols B
)
(C:\Users\frencjos\AppData\Local\Programs\MiKTeX\tex/latex/microtype\mt-msb.cfg
File: mt-msb.cfg 2005/06/01 v1.0 microtype config. file: AMS symbols (b) (RS)
) [1


{C:/Users/frencjos/AppData/Local/MiKTeX/pdftex/config/pdftex.map}] [2

] (Data-Analysis-with-Linear-Regression.toc
LaTeX Font Info:    External font `lmex10' loaded for size
(Font)              <10> on input line 3.
LaTeX Font Info:    External font `lmex10' loaded for size
(Font)              <7> on input line 3.
LaTeX Font Info:    External font `lmex10' loaded for size
(Font)              <5> on input line 3.
[3])
\tf@toc=\write4
\openout4 = `Data-Analysis-with-Linear-Regression.toc'.

[4]
LaTeX Font Info:    Trying to load font information for T1+lmtt on input line 1
53.
(C:\Users\frencjos\AppData\Local\Programs\MiKTeX\tex/latex/lm\t1lmtt.fd
File: t1lmtt.fd 2009/10/30 v1.6 Font defs for Latin Modern
) [5

] [6

]
Chapter 1.
LaTeX Font Info:    Trying to load font information for TS1+lmr on input line 1
99.
(C:\Users\frencjos\AppData\Local\Programs\MiKTeX\tex/latex/lm\ts1lmr.fd
File: ts1lmr.fd 2009/10/30 v1.6 Font defs for Latin Modern
)
Underfull \vbox (badness 7685) has occurred while \output is active []

[7] [8]
Underfull \hbox (badness 2126) in paragraph at lines 323--326
[]\T1/lmr/m/n/10 (+20) Install the set of \T1/lmr/bx/n/10 (+20) far-away \T1/lm
r/m/n/10 (+20) pack-age by ex-e-cut-ing the com-mand
 []

[9] [10] [11] [12] [13] [14] [15] [16] [17] [18]
LaTeX Font Info:    Trying to load font information for TS1+lmtt on input line 
974.
(C:\Users\frencjos\AppData\Local\Programs\MiKTeX\tex/latex/lm\ts1lmtt.fd
File: ts1lmtt.fd 2009/10/30 v1.6 Font defs for Latin Modern
) [19] [20] [21] [22]
Chapter 2.
[23

] [24] [25] [26] [27] [28]
<Data-Analysis-with-Linear-Regression_files/figure-latex/unnamed-chunk-33-1.pdf
, id=390, 469.755pt x 325.215pt>
File: Data-Analysis-with-Linear-Regression_files/figure-latex/unnamed-chunk-33-
1.pdf Graphic file (type pdf)
<use Data-Analysis-with-Linear-Regression_files/figure-latex/unnamed-chunk-33-1
.pdf>
Package pdftex.def Info: Data-Analysis-with-Linear-Regression_files/figure-late
x/unnamed-chunk-33-1.pdf  used on input line 1562.
(pdftex.def)             Requested size: 344.997pt x 238.84406pt.
<Data-Analysis-with-Linear-Regression_files/figure-latex/unnamed-chunk-34-1.pdf
, id=391, 469.755pt x 325.215pt>
File: Data-Analysis-with-Linear-Regression_files/figure-latex/unnamed-chunk-34-
1.pdf Graphic file (type pdf)
<use Data-Analysis-with-Linear-Regression_files/figure-latex/unnamed-chunk-34-1
.pdf>
Package pdftex.def Info: Data-Analysis-with-Linear-Regression_files/figure-late
x/unnamed-chunk-34-1.pdf  used on input line 1576.
(pdftex.def)             Requested size: 344.997pt x 238.84406pt.

Underfull \vbox (badness 10000) has occurred while \output is active []

[29 <./Data-Analysis-with-Linear-Regression_files/figure-latex/unnamed-chunk-33
-1.pdf>]
<Data-Analysis-with-Linear-Regression_files/figure-latex/unnamed-chunk-35-1.pdf
, id=402, 469.755pt x 325.215pt>
File: Data-Analysis-with-Linear-Regression_files/figure-latex/unnamed-chunk-35-
1.pdf Graphic file (type pdf)
<use Data-Analysis-with-Linear-Regression_files/figure-latex/unnamed-chunk-35-1
.pdf>
Package pdftex.def Info: Data-Analysis-with-Linear-Regression_files/figure-late
x/unnamed-chunk-35-1.pdf  used on input line 1601.
(pdftex.def)             Requested size: 344.997pt x 238.84406pt.

Underfull \vbox (badness 10000) has occurred while \output is active []

[30 <./Data-Analysis-with-Linear-Regression_files/figure-latex/unnamed-chunk-34
-1.pdf>]
<Data-Analysis-with-Linear-Regression_files/figure-latex/unnamed-chunk-36-1.pdf
, id=414, 469.755pt x 325.215pt>
File: Data-Analysis-with-Linear-Regression_files/figure-latex/unnamed-chunk-36-
1.pdf Graphic file (type pdf)
<use Data-Analysis-with-Linear-Regression_files/figure-latex/unnamed-chunk-36-1
.pdf>
Package pdftex.def Info: Data-Analysis-with-Linear-Regression_files/figure-late
x/unnamed-chunk-36-1.pdf  used on input line 1624.
(pdftex.def)             Requested size: 344.997pt x 238.84406pt.

Underfull \vbox (badness 10000) has occurred while \output is active []

[31 <./Data-Analysis-with-Linear-Regression_files/figure-latex/unnamed-chunk-35
-1.pdf>]
<Data-Analysis-with-Linear-Regression_files/figure-latex/unnamed-chunk-37-1.pdf
, id=427, 469.755pt x 325.215pt>
File: Data-Analysis-with-Linear-Regression_files/figure-latex/unnamed-chunk-37-
1.pdf Graphic file (type pdf)
<use Data-Analysis-with-Linear-Regression_files/figure-latex/unnamed-chunk-37-1
.pdf>
Package pdftex.def Info: Data-Analysis-with-Linear-Regression_files/figure-late
x/unnamed-chunk-37-1.pdf  used on input line 1641.
(pdftex.def)             Requested size: 344.997pt x 238.84406pt.

Underfull \vbox (badness 10000) has occurred while \output is active []

[32 <./Data-Analysis-with-Linear-Regression_files/figure-latex/unnamed-chunk-36
-1.pdf>]
<Data-Analysis-with-Linear-Regression_files/figure-latex/unnamed-chunk-38-1.pdf
, id=439, 469.755pt x 325.215pt>
File: Data-Analysis-with-Linear-Regression_files/figure-latex/unnamed-chunk-38-
1.pdf Graphic file (type pdf)
<use Data-Analysis-with-Linear-Regression_files/figure-latex/unnamed-chunk-38-1
.pdf>
Package pdftex.def Info: Data-Analysis-with-Linear-Regression_files/figure-late
x/unnamed-chunk-38-1.pdf  used on input line 1656.
(pdftex.def)             Requested size: 344.997pt x 238.84406pt.

Underfull \vbox (badness 10000) has occurred while \output is active []

[33 <./Data-Analysis-with-Linear-Regression_files/figure-latex/unnamed-chunk-37
-1.pdf>]
<Data-Analysis-with-Linear-Regression_files/figure-latex/unnamed-chunk-39-1.pdf
, id=451, 469.755pt x 325.215pt>
File: Data-Analysis-with-Linear-Regression_files/figure-latex/unnamed-chunk-39-
1.pdf Graphic file (type pdf)
<use Data-Analysis-with-Linear-Regression_files/figure-latex/unnamed-chunk-39-1
.pdf>
Package pdftex.def Info: Data-Analysis-with-Linear-Regression_files/figure-late
x/unnamed-chunk-39-1.pdf  used on input line 1681.
(pdftex.def)             Requested size: 344.997pt x 238.84406pt.

Underfull \vbox (badness 10000) has occurred while \output is active []

[34 <./Data-Analysis-with-Linear-Regression_files/figure-latex/unnamed-chunk-38
-1.pdf>]
Underfull \vbox (badness 1072) has occurred while \output is active []

[35 <./Data-Analysis-with-Linear-Regression_files/figure-latex/unnamed-chunk-39
-1.pdf>]
<Data-Analysis-with-Linear-Regression_files/figure-latex/unnamed-chunk-40-1.pdf
, id=474, 469.755pt x 325.215pt>
File: Data-Analysis-with-Linear-Regression_files/figure-latex/unnamed-chunk-40-
1.pdf Graphic file (type pdf)
<use Data-Analysis-with-Linear-Regression_files/figure-latex/unnamed-chunk-40-1
.pdf>
Package pdftex.def Info: Data-Analysis-with-Linear-Regression_files/figure-late
x/unnamed-chunk-40-1.pdf  used on input line 1753.
(pdftex.def)             Requested size: 344.997pt x 238.84406pt.
<Data-Analysis-with-Linear-Regression_files/figure-latex/unnamed-chunk-41-1.pdf
, id=475, 469.755pt x 325.215pt>
File: Data-Analysis-with-Linear-Regression_files/figure-latex/unnamed-chunk-41-
1.pdf Graphic file (type pdf)
<use Data-Analysis-with-Linear-Regression_files/figure-latex/unnamed-chunk-41-1
.pdf>
Package pdftex.def Info: Data-Analysis-with-Linear-Regression_files/figure-late
x/unnamed-chunk-41-1.pdf  used on input line 1766.
(pdftex.def)             Requested size: 344.997pt x 238.84406pt.

Underfull \vbox (badness 10000) has occurred while \output is active []

[36 <./Data-Analysis-with-Linear-Regression_files/figure-latex/unnamed-chunk-40
-1.pdf>]
<Data-Analysis-with-Linear-Regression_files/figure-latex/unnamed-chunk-42-1.pdf
, id=488, 469.755pt x 325.215pt>
File: Data-Analysis-with-Linear-Regression_files/figure-latex/unnamed-chunk-42-
1.pdf Graphic file (type pdf)
<use Data-Analysis-with-Linear-Regression_files/figure-latex/unnamed-chunk-42-1
.pdf>
Package pdftex.def Info: Data-Analysis-with-Linear-Regression_files/figure-late
x/unnamed-chunk-42-1.pdf  used on input line 1779.
(pdftex.def)             Requested size: 344.997pt x 238.84406pt.

Underfull \vbox (badness 10000) has occurred while \output is active []

[37 <./Data-Analysis-with-Linear-Regression_files/figure-latex/unnamed-chunk-41
-1.pdf>]
<Data-Analysis-with-Linear-Regression_files/figure-latex/unnamed-chunk-43-1.pdf
, id=501, 469.755pt x 325.215pt>
File: Data-Analysis-with-Linear-Regression_files/figure-latex/unnamed-chunk-43-
1.pdf Graphic file (type pdf)
<use Data-Analysis-with-Linear-Regression_files/figure-latex/unnamed-chunk-43-1
.pdf>
Package pdftex.def Info: Data-Analysis-with-Linear-Regression_files/figure-late
x/unnamed-chunk-43-1.pdf  used on input line 1797.
(pdftex.def)             Requested size: 344.997pt x 238.84406pt.

Underfull \vbox (badness 10000) has occurred while \output is active []

[38 <./Data-Analysis-with-Linear-Regression_files/figure-latex/unnamed-chunk-42
-1.pdf>]
<Data-Analysis-with-Linear-Regression_files/figure-latex/unnamed-chunk-44-1.pdf
, id=513, 469.755pt x 325.215pt>
File: Data-Analysis-with-Linear-Regression_files/figure-latex/unnamed-chunk-44-
1.pdf Graphic file (type pdf)
<use Data-Analysis-with-Linear-Regression_files/figure-latex/unnamed-chunk-44-1
.pdf>
Package pdftex.def Info: Data-Analysis-with-Linear-Regression_files/figure-late
x/unnamed-chunk-44-1.pdf  used on input line 1810.
(pdftex.def)             Requested size: 344.997pt x 238.84406pt.

Underfull \vbox (badness 10000) has occurred while \output is active []

[39 <./Data-Analysis-with-Linear-Regression_files/figure-latex/unnamed-chunk-43
-1.pdf>]
<Data-Analysis-with-Linear-Regression_files/figure-latex/unnamed-chunk-45-1.pdf
, id=523, 469.755pt x 325.215pt>
File: Data-Analysis-with-Linear-Regression_files/figure-latex/unnamed-chunk-45-
1.pdf Graphic file (type pdf)
<use Data-Analysis-with-Linear-Regression_files/figure-latex/unnamed-chunk-45-1
.pdf>
Package pdftex.def Info: Data-Analysis-with-Linear-Regression_files/figure-late
x/unnamed-chunk-45-1.pdf  used on input line 1823.
(pdftex.def)             Requested size: 344.997pt x 238.84406pt.

Underfull \vbox (badness 10000) has occurred while \output is active []

[40 <./Data-Analysis-with-Linear-Regression_files/figure-latex/unnamed-chunk-44
-1.pdf>]
LaTeX Font Info:    Font shape `T1/lmtt/bx/n' in size <12> not available
(Font)              Font shape `T1/lmtt/b/n' tried instead on input line 1826.
<Data-Analysis-with-Linear-Regression_files/figure-latex/unnamed-chunk-46-1.pdf
, id=533, 469.755pt x 325.215pt>
File: Data-Analysis-with-Linear-Regression_files/figure-latex/unnamed-chunk-46-
1.pdf Graphic file (type pdf)
<use Data-Analysis-with-Linear-Regression_files/figure-latex/unnamed-chunk-46-1
.pdf>
Package pdftex.def Info: Data-Analysis-with-Linear-Regression_files/figure-late
x/unnamed-chunk-46-1.pdf  used on input line 1842.
(pdftex.def)             Requested size: 344.997pt x 238.84406pt.

Underfull \vbox (badness 10000) has occurred while \output is active []

[41 <./Data-Analysis-with-Linear-Regression_files/figure-latex/unnamed-chunk-45
-1.pdf>]
Underfull \vbox (badness 4859) has occurred while \output is active []

[42 <./Data-Analysis-with-Linear-Regression_files/figure-latex/unnamed-chunk-46
-1.pdf>] [43] [44

]
Chapter 3.
[45]
Overfull \hbox (105.03912pt too wide) has occurred while \output is active
\T1/lmr/m/n/10 46 \T1/lmr/m/sl/10 CHAPTER 3.  REVIEW OF PROBABILITY, RANDOM VAR
IABLES, AND RANDOM VECTORS
 []

[46]
LaTeX Font Info:    Trying to load font information for OT1+lmss on input line 
2023.
(C:\Users\frencjos\AppData\Local\Programs\MiKTeX\tex/latex/lm\ot1lmss.fd
File: ot1lmss.fd 2009/10/30 v1.6 Font defs for Latin Modern
)
Package microtype Info: Loading generic protrusion settings for font family
(microtype)             `lmss' (encoding: OT1).
(microtype)             For optimal results, create family-specific settings.
(microtype)             See the microtype manual for details.
[47]
Underfull \hbox (badness 1365) in paragraph at lines 2082--2083
[]\T1/lmr/m/n/10 (+20) If the ran-dom vari-ables are jointly (all) dis-crete, t
hen the joint pmf
 []


Overfull \hbox (105.03912pt too wide) has occurred while \output is active
\T1/lmr/m/n/10 48 \T1/lmr/m/sl/10 CHAPTER 3.  REVIEW OF PROBABILITY, RANDOM VAR
IABLES, AND RANDOM VECTORS
 []

[48] [49]
Overfull \hbox (105.03912pt too wide) has occurred while \output is active
\T1/lmr/m/n/10 50 \T1/lmr/m/sl/10 CHAPTER 3.  REVIEW OF PROBABILITY, RANDOM VAR
IABLES, AND RANDOM VECTORS
 []

[50]
Underfull \vbox (badness 10000) has occurred while \output is active []

[51]
Underfull \vbox (badness 7326) has occurred while \output is active []


Overfull \hbox (105.03912pt too wide) has occurred while \output is active
\T1/lmr/m/n/10 52 \T1/lmr/m/sl/10 CHAPTER 3.  REVIEW OF PROBABILITY, RANDOM VAR
IABLES, AND RANDOM VECTORS
 []

[52]
Underfull \vbox (badness 10000) has occurred while \output is active []

[53]
Underfull \vbox (badness 10000) has occurred while \output is active []


Overfull \hbox (105.03912pt too wide) has occurred while \output is active
\T1/lmr/m/n/10 54 \T1/lmr/m/sl/10 CHAPTER 3.  REVIEW OF PROBABILITY, RANDOM VAR
IABLES, AND RANDOM VECTORS
 []

[54]
Underfull \vbox (badness 10000) has occurred while \output is active []

[55]
Overfull \hbox (105.03912pt too wide) has occurred while \output is active
\T1/lmr/m/n/10 56 \T1/lmr/m/sl/10 CHAPTER 3.  REVIEW OF PROBABILITY, RANDOM VAR
IABLES, AND RANDOM VECTORS
 []

[56]
Underfull \vbox (badness 10000) has occurred while \output is active []

[57]
Underfull \vbox (badness 10000) has occurred while \output is active []


Overfull \hbox (105.03912pt too wide) has occurred while \output is active
\T1/lmr/m/n/10 58 \T1/lmr/m/sl/10 CHAPTER 3.  REVIEW OF PROBABILITY, RANDOM VAR
IABLES, AND RANDOM VECTORS
 []

[58]
Underfull \vbox (badness 10000) has occurred while \output is active []

[59]
Overfull \hbox (105.03912pt too wide) has occurred while \output is active
\T1/lmr/m/n/10 60 \T1/lmr/m/sl/10 CHAPTER 3.  REVIEW OF PROBABILITY, RANDOM VAR
IABLES, AND RANDOM VECTORS
 []

[60

]
Chapter 4.
[61] [62] [63] [64]
Missing character: There is no b in font msbm10!
[65] [66

]
Chapter 5.
[67]
Underfull \hbox (badness 5862) in paragraph at lines 2814--2816
\T1/lmr/m/n/10 (+20) (mother/daughter), \T1/lmtt/m/n/10 ms \T1/lmr/m/n/10 (+20)
 (mother/son) in-di-cat-ing the par-ent/child
 []

[68]
<Data-Analysis-with-Linear-Regression_files/figure-latex/unnamed-chunk-47-1.pdf
, id=802, 469.755pt x 325.215pt>
File: Data-Analysis-with-Linear-Regression_files/figure-latex/unnamed-chunk-47-
1.pdf Graphic file (type pdf)
<use Data-Analysis-with-Linear-Regression_files/figure-latex/unnamed-chunk-47-1
.pdf>
Package pdftex.def Info: Data-Analysis-with-Linear-Regression_files/figure-late
x/unnamed-chunk-47-1.pdf  used on input line 2840.
(pdftex.def)             Requested size: 344.997pt x 238.84406pt.
<Data-Analysis-with-Linear-Regression_files/figure-latex/unnamed-chunk-48-1.pdf
, id=803, 469.755pt x 325.215pt>
File: Data-Analysis-with-Linear-Regression_files/figure-latex/unnamed-chunk-48-
1.pdf Graphic file (type pdf)
<use Data-Analysis-with-Linear-Regression_files/figure-latex/unnamed-chunk-48-1
.pdf>
Package pdftex.def Info: Data-Analysis-with-Linear-Regression_files/figure-late
x/unnamed-chunk-48-1.pdf  used on input line 2853.
(pdftex.def)             Requested size: 344.997pt x 238.84406pt.

Underfull \vbox (badness 10000) has occurred while \output is active []

[69 <./Data-Analysis-with-Linear-Regression_files/figure-latex/unnamed-chunk-47
-1.pdf>]
<Data-Analysis-with-Linear-Regression_files/figure-latex/unnamed-chunk-49-1.pdf
, id=813, 469.755pt x 325.215pt>
File: Data-Analysis-with-Linear-Regression_files/figure-latex/unnamed-chunk-49-
1.pdf Graphic file (type pdf)
<use Data-Analysis-with-Linear-Regression_files/figure-latex/unnamed-chunk-49-1
.pdf>
Package pdftex.def Info: Data-Analysis-with-Linear-Regression_files/figure-late
x/unnamed-chunk-49-1.pdf  used on input line 2864.
(pdftex.def)             Requested size: 344.997pt x 238.84406pt.

Underfull \vbox (badness 10000) has occurred while \output is active []

[70 <./Data-Analysis-with-Linear-Regression_files/figure-latex/unnamed-chunk-48
-1.pdf>]
<Data-Analysis-with-Linear-Regression_files/figure-latex/unnamed-chunk-50-1.pdf
, id=823, 469.755pt x 325.215pt>
File: Data-Analysis-with-Linear-Regression_files/figure-latex/unnamed-chunk-50-
1.pdf Graphic file (type pdf)
<use Data-Analysis-with-Linear-Regression_files/figure-latex/unnamed-chunk-50-1
.pdf>
Package pdftex.def Info: Data-Analysis-with-Linear-Regression_files/figure-late
x/unnamed-chunk-50-1.pdf  used on input line 2875.
(pdftex.def)             Requested size: 344.997pt x 238.84406pt.

Underfull \vbox (badness 10000) has occurred while \output is active []

[71 <./Data-Analysis-with-Linear-Regression_files/figure-latex/unnamed-chunk-49
-1.pdf>] [72 <./Data-Analysis-with-Linear-Regression_files/figure-latex/unnamed
-chunk-50-1.pdf>] [73] [74] [75] [76] [77] [78] [79] [80

]
Chapter 6.
[81]
<Data-Analysis-with-Linear-Regression_files/figure-latex/rss-viz-1.pdf, id=930,
 469.755pt x 325.215pt>
File: Data-Analysis-with-Linear-Regression_files/figure-latex/rss-viz-1.pdf Gra
phic file (type pdf)
<use Data-Analysis-with-Linear-Regression_files/figure-latex/rss-viz-1.pdf>
Package pdftex.def Info: Data-Analysis-with-Linear-Regression_files/figure-late
x/rss-viz-1.pdf  used on input line 3270.
(pdftex.def)             Requested size: 344.997pt x 238.84406pt.
[82]
Overfull \hbox (3.99655pt too wide) has occurred while \output is active
\T1/lmr/m/sl/10 6.1.  OLS ESTIMATION OF THE SIMPLE LINEAR REGRESSION MODEL \T1/
lmr/m/n/10 83
 []

[83 <./Data-Analysis-with-Linear-Regression_files/figure-latex/rss-viz-1.pdf>]

LaTeX Warning: Reference `fig:billvsbodymass' on page 84 undefined on input lin
e 3328.

<Data-Analysis-with-Linear-Regression_files/figure-latex/billvsbodymass-1.pdf, 
id=959, 469.755pt x 325.215pt>
File: Data-Analysis-with-Linear-Regression_files/figure-latex/billvsbodymass-1.
pdf Graphic file (type pdf)
<use Data-Analysis-with-Linear-Regression_files/figure-latex/billvsbodymass-1.p
df>
Package pdftex.def Info: Data-Analysis-with-Linear-Regression_files/figure-late
x/billvsbodymass-1.pdf  used on input line 3338.
(pdftex.def)             Requested size: 344.997pt x 238.84406pt.

Underfull \vbox (badness 10000) has occurred while \output is active []

[84] [85 <./Data-Analysis-with-Linear-Regression_files/figure-latex/billvsbodym
ass-1.pdf>]
<Data-Analysis-with-Linear-Regression_files/figure-latex/unnamed-chunk-56-1.pdf
, id=979, 469.755pt x 325.215pt>
File: Data-Analysis-with-Linear-Regression_files/figure-latex/unnamed-chunk-56-
1.pdf Graphic file (type pdf)
<use Data-Analysis-with-Linear-Regression_files/figure-latex/unnamed-chunk-56-1
.pdf>
Package pdftex.def Info: Data-Analysis-with-Linear-Regression_files/figure-late
x/unnamed-chunk-56-1.pdf  used on input line 3421.
(pdftex.def)             Requested size: 344.997pt x 238.84406pt.

Underfull \vbox (badness 2245) has occurred while \output is active []

[86] [87 <./Data-Analysis-with-Linear-Regression_files/figure-latex/unnamed-chu
nk-56-1.pdf>] [88]
Underfull \vbox (badness 10000) detected at line 3790
 []


Underfull \vbox (badness 10000) detected at line 3790
 []

[89]
Underfull \vbox (badness 10000) detected at line 3790
 []


Underfull \vbox (badness 10000) detected at line 3790
 []

[90]
Underfull \vbox (badness 10000) detected at line 3790
 []


Underfull \vbox (badness 10000) detected at line 3790
 []

[91]
Underfull \vbox (badness 10000) detected at line 3790
 []


Underfull \vbox (badness 10000) detected at line 3790
 []

[92]
Underfull \vbox (badness 10000) detected at line 3790
 []


Underfull \vbox (badness 10000) detected at line 3790
 []

[93]
Underfull \vbox (badness 10000) detected at line 3790
 []


Underfull \vbox (badness 10000) detected at line 3790
 []

[94] [95] [96]
Chapter 7.
[97

] [98

]
Chapter 8.
[99] [100]
Overfull \hbox (21.77544pt too wide) has occurred while \output is active
\T1/lmr/m/sl/10 8.2.  COMMON OF LINEAR MODELS WITH CATEGORICAL PREDICTORS \T1/l
mr/m/n/10 101
 []

[101]
Overfull \hbox (24.31862pt too wide) detected at line 3910
\OML/lmm/m/it/10 E\OT1/lmr/m/n/10 (\OML/lmm/m/it/10 Y\OMS/lmsy/m/n/10 j\OML/lmm
/m/it/10 X \OT1/lmr/m/n/10 = \OML/lmm/m/it/10 x; F \OT1/lmr/m/n/10 = \OML/lmm/m
/it/10 L[]\OT1/lmr/m/n/10 ) \OMS/lmsy/m/n/10   \OML/lmm/m/it/10 E\OT1/lmr/m/n/1
0 (\OML/lmm/m/it/10 Y\OMS/lmsy/m/n/10 j\OML/lmm/m/it/10 X \OT1/lmr/m/n/10 = \OM
L/lmm/m/it/10 x; F \OT1/lmr/m/n/10 = \OML/lmm/m/it/10 L[]\OT1/lmr/m/n/10 ) = (\
OML/lmm/m/it/10 [] \OT1/lmr/m/n/10 + \OML/lmm/m/it/10 []x \OT1/lmr/m/n/10 + \
OML/lmm/m/it/10 []\OT1/lmr/m/n/10 ) \OMS/lmsy/m/n/10   \OT1/lmr/m/n/10 (\OML/l
mm/m/it/10 [] \OT1/lmr/m/n/10 + \OML/lmm/m/it/10 []x\OT1/lmr/m/n/10 ) = \OML/
lmm/m/it/10 []:
 []


Overfull \hbox (52.63708pt too wide) detected at line 3930
\OML/lmm/m/it/10 Y[] \OT1/lmr/m/n/10 = \OML/lmm/m/it/10 [] \OT1/lmr/m/n/10 + \
OML/lmm/m/it/10 []x[] \OT1/lmr/m/n/10 + \OML/lmm/m/it/10 []d[] \OT1/lmr/m/n/1
0 + [] + \OML/lmm/m/it/10 []d[] \OT1/lmr/m/n/10 + +\OML/lmm/m/it/10 []x[]d[] 
\OT1/lmr/m/n/10 + [] + \OML/lmm/m/it/10 []x[]d[] \OT1/lmr/m/n/10 + \OML/lmm/m/
it/10 [];  i \OT1/lmr/m/n/10 = 1\OML/lmm/m/it/10 ; \OT1/lmr/m/n/10 2\OML/lmm/m
/it/10 ; [] n:
 []


Overfull \hbox (53.13571pt too wide) detected at line 3931
\OML/lmm/m/it/10 E\OT1/lmr/m/n/10 (\OML/lmm/m/it/10 Y\OMS/lmsy/m/n/10 j\OML/lmm
/m/it/10 X \OT1/lmr/m/n/10 = \OML/lmm/m/it/10 x; F \OT1/lmr/m/n/10 = \OML/lmm/m
/it/10 L[]\OT1/lmr/m/n/10 ) = \OML/lmm/m/it/10 [] \OT1/lmr/m/n/10 + \OML/lmm/m
/it/10 []x \OT1/lmr/m/n/10 + \OML/lmm/m/it/10 []\OT1/lmr/m/n/10 0 + [] + \OML
/lmm/m/it/10 []\OT1/lmr/m/n/10 0 + \OML/lmm/m/it/10 []x[]\OT1/lmr/m/n/10 0 + 
[] + \OML/lmm/m/it/10 []x[]\OT1/lmr/m/n/10 0 = \OML/lmm/m/it/10 [] \OT1/lmr/m
/n/10 + \OML/lmm/m/it/10 []x:
 []

[102]
Overfull \hbox (57.82033pt too wide) detected at line 3937
\OML/lmm/m/it/10 E\OT1/lmr/m/n/10 (\OML/lmm/m/it/10 Y\OMS/lmsy/m/n/10 j\OML/lmm
/m/it/10 X \OT1/lmr/m/n/10 = 0\OML/lmm/m/it/10 ; F \OT1/lmr/m/n/10 = \OML/lmm/m
/it/10 L[]\OT1/lmr/m/n/10 ) \OMS/lmsy/m/n/10   \OML/lmm/m/it/10 E\OT1/lmr/m/n/1
0 (\OML/lmm/m/it/10 Y\OMS/lmsy/m/n/10 j\OML/lmm/m/it/10 X \OT1/lmr/m/n/10 = 0\O
ML/lmm/m/it/10 ; F \OT1/lmr/m/n/10 = \OML/lmm/m/it/10 L[]\OT1/lmr/m/n/10 ) = (\
OML/lmm/m/it/10 [] \OT1/lmr/m/n/10 + \OML/lmm/m/it/10 []\OT1/lmr/m/n/10 0 + \
OML/lmm/m/it/10 [] \OT1/lmr/m/n/10 + \OML/lmm/m/it/10 []\OT1/lmr/m/n/10 0) \O
MS/lmsy/m/n/10   \OT1/lmr/m/n/10 (\OML/lmm/m/it/10 [] \OT1/lmr/m/n/10 + \OML/l
mm/m/it/10 []\OT1/lmr/m/n/10 0) = \OML/lmm/m/it/10 []:
 []


Overfull \hbox (21.77544pt too wide) has occurred while \output is active
\T1/lmr/m/sl/10 8.2.  COMMON OF LINEAR MODELS WITH CATEGORICAL PREDICTORS \T1/l
mr/m/n/10 103
 []

[103] [104

]
Chapter 9.
[105] (Data-Analysis-with-Linear-Regression.aux)

LaTeX Warning: There were undefined references.

 ) 
Here is how much of TeX's memory you used:
 14306 strings out of 478868
 227494 string characters out of 2847388
 608030 words of memory out of 3000000
 31131 multiletter control sequences out of 15000+600000
 511098 words of font info for 239 fonts, out of 8000000 for 9000
 1141 hyphenation exceptions out of 8191
 74i,14n,80p,815b,450s stack positions out of 5000i,500n,10000p,200000b,80000s
{C:/Users/frencjos/AppData/Local/Programs/MiKTeX/fonts/enc/dvips/lm/lm-mathit
.enc}{C:/Users/frencjos/AppData/Local/Programs/MiKTeX/fonts/enc/dvips/lm/lm-rm.
enc}{C:/Users/frencjos/AppData/Local/Programs/MiKTeX/fonts/enc/dvips/lm/lm-math
sy.enc}{C:/Users/frencjos/AppData/Local/Programs/MiKTeX/fonts/enc/dvips/lm/lm-m
athex.enc}{C:/Users/frencjos/AppData/Local/Programs/MiKTeX/fonts/enc/dvips/lm/l
m-ec.enc}{C:/Users/frencjos/AppData/Local/Programs/MiKTeX/fonts/enc/dvips/lm/lm
-ts1.enc}<C:/Users/frencjos/AppData/Local/Programs/MiKTeX/fonts/type1/public/lm
/lmbx10.pfb><C:/Users/frencjos/AppData/Local/Programs/MiKTeX/fonts/type1/public
/lm/lmbx12.pfb><C:/Users/frencjos/AppData/Local/Programs/MiKTeX/fonts/type1/pub
lic/lm/lmbx7.pfb><C:/Users/frencjos/AppData/Local/Programs/MiKTeX/fonts/type1/p
ublic/lm/lmbxo10.pfb><C:/Users/frencjos/AppData/Local/Programs/MiKTeX/fonts/typ
e1/public/lm/lmex10.pfb><C:/Users/frencjos/AppData/Local/Programs/MiKTeX/fonts/
type1/public/lm/lmmi10.pfb><C:/Users/frencjos/AppData/Local/Programs/MiKTeX/fon
ts/type1/public/lm/lmmi5.pfb><C:/Users/frencjos/AppData/Local/Programs/MiKTeX/f
onts/type1/public/lm/lmmi7.pfb><C:/Users/frencjos/AppData/Local/Programs/MiKTeX
/fonts/type1/public/lm/lmmib10.pfb><C:/Users/frencjos/AppData/Local/Programs/Mi
KTeX/fonts/type1/public/lm/lmr10.pfb><C:/Users/frencjos/AppData/Local/Programs/
MiKTeX/fonts/type1/public/lm/lmr12.pfb><C:/Users/frencjos/AppData/Local/Program
s/MiKTeX/fonts/type1/public/lm/lmr17.pfb><C:/Users/frencjos/AppData/Local/Progr
ams/MiKTeX/fonts/type1/public/lm/lmr5.pfb><C:/Users/frencjos/AppData/Local/Prog
rams/MiKTeX/fonts/type1/public/lm/lmr7.pfb><C:/Users/frencjos/AppData/Local/Pro
grams/MiKTeX/fonts/type1/public/lm/lmri10.pfb><C:/Users/frencjos/AppData/Local/
Programs/MiKTeX/fonts/type1/public/lm/lmro10.pfb><C:/Users/frencjos/AppData/Loc
al/Programs/MiKTeX/fonts/type1/public/lm/lmss10.pfb><C:/Users/frencjos/AppData/
Local/Programs/MiKTeX/fonts/type1/public/lm/lmsy10.pfb><C:/Users/frencjos/AppDa
ta/Local/Programs/MiKTeX/fonts/type1/public/lm/lmsy7.pfb><C:/Users/frencjos/App
Data/Local/Programs/MiKTeX/fonts/type1/public/lm/lmtk10.pfb><C:/Users/frencjos/
AppData/Local/Programs/MiKTeX/fonts/type1/public/lm/lmtt10.pfb><C:/Users/frencj
os/AppData/Local/Programs/MiKTeX/fonts/type1/public/lm/lmtti10.pfb><C:/Users/fr
encjos/AppData/Local/Programs/MiKTeX/fonts/type1/public/amsfonts/symbols/msbm10
.pfb>
Output written on Data-Analysis-with-Linear-Regression.pdf (105 pages, 1333806 
bytes).
PDF statistics:
 1493 PDF objects out of 1728 (max. 8388607)
 512 named destinations out of 1000 (max. 500000)
 59962 words of extra memory for PDF output out of 61914 (max. 10000000)

